2021-03-01 08:44:55,041 - pyswarms.single.global_best - INFO - Optimize for 1000 iters with {'c1': 0.5, 'c2': 0.3, 'w': 0.9}
2021-03-01 08:44:55,317 - pyswarms.single.global_best - INFO - Optimization finished | best cost: 7.316387834891753e-14, best pos: [1.00000027 1.00000054]
2021-03-01 09:15:50,700 - pyswarms.single.global_best - INFO - Optimize for 4 iters with {'c1': 0.5, 'c2': 0.3, 'w': 0.9}
2021-03-01 09:16:17,164 - pyswarms.single.global_best - INFO - Optimize for 4 iters with {'c1': 0.5, 'c2': 0.3, 'w': 0.9}
2021-03-01 09:18:05,458 - pyswarms.single.global_best - INFO - Optimize for 4 iters with {'c1': 0.5, 'c2': 0.3, 'w': 0.9}
2021-03-01 09:18:55,973 - pyswarms.single.global_best - INFO - Optimize for 4 iters with {'c1': 0.5, 'c2': 0.3, 'w': 0.9}
2021-03-01 10:32:07,891 - pyswarms.single.global_best - INFO - Optimize for 4 iters with {'c1': 0.5, 'c2': 0.3, 'w': 0.9}
2021-03-01 10:42:17,768 - pyswarms.backend.generators - ERROR - Bounds and/or init_pos should be of size (3,)
Traceback (most recent call last):
  File "/Users/alexanderclark/miniconda3/lib/python3.7/site-packages/pyswarms/backend/generators.py", line 82, in generate_swarm
    low=min_bounds, high=max_bounds, size=(n_particles, dimensions)
  File "mtrand.pyx", line 974, in numpy.random.mtrand.RandomState.uniform
  File "common.pyx", line 521, in numpy.random.common.cont
  File "common.pyx", line 442, in numpy.random.common.cont_broadcast_2
  File "__init__.pxd", line 828, in numpy.PyArray_MultiIterNew3
ValueError: shape mismatch: objects cannot be broadcast to a single shape
2021-03-01 10:42:42,745 - pyswarms.single.global_best - INFO - Optimize for 4 iters with {'c1': 0.5, 'c2': 0.3, 'w': 0.9}
2021-03-01 10:43:44,919 - pyswarms.single.global_best - INFO - Optimize for 4 iters with {'c1': 0.5, 'c2': 0.3, 'w': 0.9}
2021-03-01 10:44:18,399 - pyswarms.single.global_best - INFO - Optimize for 4 iters with {'c1': 0.5, 'c2': 0.3, 'w': 0.9}
2021-03-01 10:45:05,277 - pyswarms.single.global_best - INFO - Optimization finished | best cost: 9704.96295448379, best pos: [0.37060728 2.67226336 2.03792127 0.34558444]
2021-03-01 10:51:25,462 - pyswarms.single.global_best - INFO - Optimize for 4 iters with {'c1': 0.5, 'c2': 0.3, 'w': 0.9}
2021-03-01 10:52:11,312 - pyswarms.single.global_best - INFO - Optimization finished | best cost: 8369.132604393328, best pos: [0.85347425 1.28736636]
2021-03-01 11:07:05,729 - pyswarms.single.global_best - INFO - Optimize for 4 iters with {'c1': 0.5, 'c2': 0.3, 'w': 0.9}
2021-03-01 11:07:58,068 - pyswarms.single.global_best - INFO - Optimization finished | best cost: 12504.51455840079, best pos: [1.04657809 1.77200147]
2021-03-01 11:38:43,700 - pyswarms.single.global_best - INFO - Optimize for 20 iters with {'c1': 0.5, 'c2': 0.3, 'w': 0.9}
2021-03-01 12:03:57,020 - pyswarms.single.global_best - INFO - Optimize for 20 iters with {'c1': 0.5, 'c2': 0.3, 'w': 0.9}
2021-03-01 12:05:05,426 - pyswarms.single.global_best - INFO - Optimize for 20 iters with {'c1': 0.5, 'c2': 0.3, 'w': 0.9}
2021-03-01 12:06:33,673 - pyswarms.single.global_best - INFO - Optimize for 20 iters with {'c1': 0.5, 'c2': 0.3, 'w': 0.9}
2021-03-01 12:06:56,724 - pyswarms.single.global_best - INFO - Optimize for 20 iters with {'c1': 0.5, 'c2': 0.3, 'w': 0.9}
2021-03-01 12:10:26,574 - pyswarms.single.global_best - INFO - Optimize for 20 iters with {'c1': 0.5, 'c2': 0.3, 'w': 0.9}
2021-03-01 12:26:12,561 - pyswarms.single.global_best - INFO - Optimization finished | best cost: 4350.54906051504, best pos: [ 0.00262677 -0.23788048 -0.46684216 -0.48863263  0.3312436  -0.02937731]
2021-03-01 14:14:15,905 - pyswarms.single.global_best - INFO - Optimize for 80 iters with {'c1': 0.5, 'c2': 0.3, 'w': 0.9}
2021-03-01 14:15:19,374 - pyswarms.single.global_best - INFO - Optimize for 80 iters with {'c1': 0.5, 'c2': 0.3, 'w': 0.9}
2021-03-01 14:15:37,483 - pyswarms.single.global_best - INFO - Optimize for 80 iters with {'c1': 0.5, 'c2': 0.3, 'w': 0.9}
2021-03-01 14:15:52,187 - pyswarms.single.global_best - INFO - Optimize for 80 iters with {'c1': 0.5, 'c2': 0.3, 'w': 0.9}
2021-03-01 16:24:18,527 - pyswarms.single.global_best - INFO - Optimization finished | best cost: 3098.864223619138, best pos: [-0.05102555  0.01017024  0.57345031 -0.62727629 -0.44615475  0.03213278]
